2024-09-18 09:37:23.573 [main] DEBUG com.rabbiter.pm.ParkingApplication - Running with Spring Boot v2.3.7.RELEASE, Spring v5.2.12.RELEASE
2024-09-18 09:37:24.019 [main] DEBUG org.apache.ibatis.logging.LogFactory - Logging initialized using 'class org.apache.ibatis.logging.slf4j.Slf4jImpl' adapter.
2024-09-18 09:37:24.036 [main] DEBUG org.mybatis.spring.mapper.ClassPathMapperScanner - Identified candidate component class: file [D:\mycode\ideacode\ParkingManagerApi - idea\target\classes\com\rabbiter\pm\mapper\CarMapper.class]
2024-09-18 09:37:24.037 [main] DEBUG org.mybatis.spring.mapper.ClassPathMapperScanner - Identified candidate component class: file [D:\mycode\ideacode\ParkingManagerApi - idea\target\classes\com\rabbiter\pm\mapper\FeeMapper.class]
2024-09-18 09:37:24.037 [main] DEBUG org.mybatis.spring.mapper.ClassPathMapperScanner - Identified candidate component class: file [D:\mycode\ideacode\ParkingManagerApi - idea\target\classes\com\rabbiter\pm\mapper\LoginInfoMapper.class]
2024-09-18 09:37:24.037 [main] DEBUG org.mybatis.spring.mapper.ClassPathMapperScanner - Identified candidate component class: file [D:\mycode\ideacode\ParkingManagerApi - idea\target\classes\com\rabbiter\pm\mapper\RechargeMapper.class]
2024-09-18 09:37:24.037 [main] DEBUG org.mybatis.spring.mapper.ClassPathMapperScanner - Identified candidate component class: file [D:\mycode\ideacode\ParkingManagerApi - idea\target\classes\com\rabbiter\pm\mapper\StallMapper.class]
2024-09-18 09:37:24.037 [main] DEBUG org.mybatis.spring.mapper.ClassPathMapperScanner - Identified candidate component class: file [D:\mycode\ideacode\ParkingManagerApi - idea\target\classes\com\rabbiter\pm\mapper\StallResMapper.class]
2024-09-18 09:37:24.037 [main] DEBUG org.mybatis.spring.mapper.ClassPathMapperScanner - Identified candidate component class: file [D:\mycode\ideacode\ParkingManagerApi - idea\target\classes\com\rabbiter\pm\mapper\StallTypeMapper.class]
2024-09-18 09:37:24.037 [main] DEBUG org.mybatis.spring.mapper.ClassPathMapperScanner - Identified candidate component class: file [D:\mycode\ideacode\ParkingManagerApi - idea\target\classes\com\rabbiter\pm\mapper\UserMapper.class]
2024-09-18 09:37:24.038 [main] DEBUG org.mybatis.spring.mapper.ClassPathMapperScanner - Creating MapperFactoryBean with name 'carMapper' and 'com.rabbiter.pm.mapper.CarMapper' mapperInterface
2024-09-18 09:37:24.038 [main] DEBUG org.mybatis.spring.mapper.ClassPathMapperScanner - Enabling autowire by type for MapperFactoryBean with name 'carMapper'.
2024-09-18 09:37:24.039 [main] DEBUG org.mybatis.spring.mapper.ClassPathMapperScanner - Creating MapperFactoryBean with name 'feeMapper' and 'com.rabbiter.pm.mapper.FeeMapper' mapperInterface
2024-09-18 09:37:24.039 [main] DEBUG org.mybatis.spring.mapper.ClassPathMapperScanner - Enabling autowire by type for MapperFactoryBean with name 'feeMapper'.
2024-09-18 09:37:24.039 [main] DEBUG org.mybatis.spring.mapper.ClassPathMapperScanner - Creating MapperFactoryBean with name 'loginInfoMapper' and 'com.rabbiter.pm.mapper.LoginInfoMapper' mapperInterface
2024-09-18 09:37:24.039 [main] DEBUG org.mybatis.spring.mapper.ClassPathMapperScanner - Enabling autowire by type for MapperFactoryBean with name 'loginInfoMapper'.
2024-09-18 09:37:24.039 [main] DEBUG org.mybatis.spring.mapper.ClassPathMapperScanner - Creating MapperFactoryBean with name 'rechargeMapper' and 'com.rabbiter.pm.mapper.RechargeMapper' mapperInterface
2024-09-18 09:37:24.039 [main] DEBUG org.mybatis.spring.mapper.ClassPathMapperScanner - Enabling autowire by type for MapperFactoryBean with name 'rechargeMapper'.
2024-09-18 09:37:24.039 [main] DEBUG org.mybatis.spring.mapper.ClassPathMapperScanner - Creating MapperFactoryBean with name 'stallMapper' and 'com.rabbiter.pm.mapper.StallMapper' mapperInterface
2024-09-18 09:37:24.039 [main] DEBUG org.mybatis.spring.mapper.ClassPathMapperScanner - Enabling autowire by type for MapperFactoryBean with name 'stallMapper'.
2024-09-18 09:37:24.039 [main] DEBUG org.mybatis.spring.mapper.ClassPathMapperScanner - Creating MapperFactoryBean with name 'stallResMapper' and 'com.rabbiter.pm.mapper.StallResMapper' mapperInterface
2024-09-18 09:37:24.039 [main] DEBUG org.mybatis.spring.mapper.ClassPathMapperScanner - Enabling autowire by type for MapperFactoryBean with name 'stallResMapper'.
2024-09-18 09:37:24.039 [main] DEBUG org.mybatis.spring.mapper.ClassPathMapperScanner - Creating MapperFactoryBean with name 'stallTypeMapper' and 'com.rabbiter.pm.mapper.StallTypeMapper' mapperInterface
2024-09-18 09:37:24.039 [main] DEBUG org.mybatis.spring.mapper.ClassPathMapperScanner - Enabling autowire by type for MapperFactoryBean with name 'stallTypeMapper'.
2024-09-18 09:37:24.039 [main] DEBUG org.mybatis.spring.mapper.ClassPathMapperScanner - Creating MapperFactoryBean with name 'userMapper' and 'com.rabbiter.pm.mapper.UserMapper' mapperInterface
2024-09-18 09:37:24.039 [main] DEBUG org.mybatis.spring.mapper.ClassPathMapperScanner - Enabling autowire by type for MapperFactoryBean with name 'userMapper'.
2024-09-18 09:37:24.653 [main] DEBUG c.b.m.e.spring.MybatisSqlSessionFactoryBean - Registered plugin: 'AbstractSqlParserHandler(sqlParserList=null, sqlParserFilter=null)'
2024-09-18 09:37:24.746 [main] DEBUG com.baomidou.mybatisplus.core.MybatisConfiguration - addMappedStatement: com.rabbiter.pm.mapper.CarMapper.insert
2024-09-18 09:37:24.751 [main] DEBUG com.baomidou.mybatisplus.core.MybatisConfiguration - addMappedStatement: com.rabbiter.pm.mapper.CarMapper.delete
2024-09-18 09:37:24.754 [main] DEBUG com.baomidou.mybatisplus.core.MybatisConfiguration - addMappedStatement: com.rabbiter.pm.mapper.CarMapper.deleteByMap
2024-09-18 09:37:24.771 [main] DEBUG com.baomidou.mybatisplus.core.MybatisConfiguration - addMappedStatement: com.rabbiter.pm.mapper.CarMapper.deleteById
2024-09-18 09:37:24.773 [main] DEBUG com.baomidou.mybatisplus.core.MybatisConfiguration - addMappedStatement: com.rabbiter.pm.mapper.CarMapper.deleteBatchIds
2024-09-18 09:37:24.776 [main] DEBUG com.baomidou.mybatisplus.core.MybatisConfiguration - addMappedStatement: com.rabbiter.pm.mapper.CarMapper.update
2024-09-18 09:37:24.777 [main] DEBUG com.baomidou.mybatisplus.core.MybatisConfiguration - addMappedStatement: com.rabbiter.pm.mapper.CarMapper.updateById
2024-09-18 09:37:24.778 [main] DEBUG com.baomidou.mybatisplus.core.MybatisConfiguration - addMappedStatement: com.rabbiter.pm.mapper.CarMapper.selectById
2024-09-18 09:37:24.780 [main] DEBUG com.baomidou.mybatisplus.core.MybatisConfiguration - addMappedStatement: com.rabbiter.pm.mapper.CarMapper.selectBatchIds
2024-09-18 09:37:24.781 [main] DEBUG com.baomidou.mybatisplus.core.MybatisConfiguration - addMappedStatement: com.rabbiter.pm.mapper.CarMapper.selectByMap
2024-09-18 09:37:24.783 [main] DEBUG com.baomidou.mybatisplus.core.MybatisConfiguration - addMappedStatement: com.rabbiter.pm.mapper.CarMapper.selectOne
2024-09-18 09:37:24.785 [main] DEBUG com.baomidou.mybatisplus.core.MybatisConfiguration - addMappedStatement: com.rabbiter.pm.mapper.CarMapper.selectCount
2024-09-18 09:37:24.787 [main] DEBUG com.baomidou.mybatisplus.core.MybatisConfiguration - addMappedStatement: com.rabbiter.pm.mapper.CarMapper.selectMaps
2024-09-18 09:37:24.788 [main] DEBUG com.baomidou.mybatisplus.core.MybatisConfiguration - addMappedStatement: com.rabbiter.pm.mapper.CarMapper.selectMapsPage
2024-09-18 09:37:24.790 [main] DEBUG com.baomidou.mybatisplus.core.MybatisConfiguration - addMappedStatement: com.rabbiter.pm.mapper.CarMapper.selectObjs
2024-09-18 09:37:24.791 [main] DEBUG com.baomidou.mybatisplus.core.MybatisConfiguration - addMappedStatement: com.rabbiter.pm.mapper.CarMapper.selectList
2024-09-18 09:37:24.793 [main] DEBUG com.baomidou.mybatisplus.core.MybatisConfiguration - addMappedStatement: com.rabbiter.pm.mapper.CarMapper.selectPage
2024-09-18 09:37:24.793 [main] DEBUG c.b.m.e.spring.MybatisSqlSessionFactoryBean - Parsed mapper file: 'file [D:\mycode\ideacode\ParkingManagerApi - idea\target\classes\mapper\CarMapper.xml]'
2024-09-18 09:37:24.802 [main] DEBUG com.baomidou.mybatisplus.core.MybatisConfiguration - addMappedStatement: com.rabbiter.pm.mapper.FeeMapper.insert
2024-09-18 09:37:24.804 [main] DEBUG com.baomidou.mybatisplus.core.MybatisConfiguration - addMappedStatement: com.rabbiter.pm.mapper.FeeMapper.delete
2024-09-18 09:37:24.805 [main] DEBUG com.baomidou.mybatisplus.core.MybatisConfiguration - addMappedStatement: com.rabbiter.pm.mapper.FeeMapper.deleteByMap
2024-09-18 09:37:24.807 [main] DEBUG com.baomidou.mybatisplus.core.MybatisConfiguration - addMappedStatement: com.rabbiter.pm.mapper.FeeMapper.deleteById
2024-09-18 09:37:24.808 [main] DEBUG com.baomidou.mybatisplus.core.MybatisConfiguration - addMappedStatement: com.rabbiter.pm.mapper.FeeMapper.deleteBatchIds
2024-09-18 09:37:24.809 [main] DEBUG com.baomidou.mybatisplus.core.MybatisConfiguration - addMappedStatement: com.rabbiter.pm.mapper.FeeMapper.update
2024-09-18 09:37:24.810 [main] DEBUG com.baomidou.mybatisplus.core.MybatisConfiguration - addMappedStatement: com.rabbiter.pm.mapper.FeeMapper.updateById
2024-09-18 09:37:24.811 [main] DEBUG com.baomidou.mybatisplus.core.MybatisConfiguration - addMappedStatement: com.rabbiter.pm.mapper.FeeMapper.selectById
2024-09-18 09:37:24.812 [main] DEBUG com.baomidou.mybatisplus.core.MybatisConfiguration - addMappedStatement: com.rabbiter.pm.mapper.FeeMapper.selectBatchIds
2024-09-18 09:37:24.813 [main] DEBUG com.baomidou.mybatisplus.core.MybatisConfiguration - addMappedStatement: com.rabbiter.pm.mapper.FeeMapper.selectByMap
2024-09-18 09:37:24.814 [main] DEBUG com.baomidou.mybatisplus.core.MybatisConfiguration - addMappedStatement: com.rabbiter.pm.mapper.FeeMapper.selectOne
2024-09-18 09:37:24.816 [main] DEBUG com.baomidou.mybatisplus.core.MybatisConfiguration - addMappedStatement: com.rabbiter.pm.mapper.FeeMapper.selectCount
2024-09-18 09:37:24.817 [main] DEBUG com.baomidou.mybatisplus.core.MybatisConfiguration - addMappedStatement: com.rabbiter.pm.mapper.FeeMapper.selectMaps
2024-09-18 09:37:24.817 [main] DEBUG com.baomidou.mybatisplus.core.MybatisConfiguration - addMappedStatement: com.rabbiter.pm.mapper.FeeMapper.selectMapsPage
2024-09-18 09:37:24.818 [main] DEBUG com.baomidou.mybatisplus.core.MybatisConfiguration - addMappedStatement: com.rabbiter.pm.mapper.FeeMapper.selectObjs
2024-09-18 09:37:24.819 [main] DEBUG com.baomidou.mybatisplus.core.MybatisConfiguration - addMappedStatement: com.rabbiter.pm.mapper.FeeMapper.selectList
2024-09-18 09:37:24.820 [main] DEBUG com.baomidou.mybatisplus.core.MybatisConfiguration - addMappedStatement: com.rabbiter.pm.mapper.FeeMapper.selectPage
2024-09-18 09:37:24.821 [main] DEBUG c.b.m.e.spring.MybatisSqlSessionFactoryBean - Parsed mapper file: 'file [D:\mycode\ideacode\ParkingManagerApi - idea\target\classes\mapper\FeeMapper.xml]'
2024-09-18 09:37:24.830 [main] DEBUG com.baomidou.mybatisplus.core.MybatisConfiguration - addMappedStatement: com.rabbiter.pm.mapper.LoginInfoMapper.insert
2024-09-18 09:37:24.831 [main] DEBUG com.baomidou.mybatisplus.core.MybatisConfiguration - addMappedStatement: com.rabbiter.pm.mapper.LoginInfoMapper.delete
2024-09-18 09:37:24.832 [main] DEBUG com.baomidou.mybatisplus.core.MybatisConfiguration - addMappedStatement: com.rabbiter.pm.mapper.LoginInfoMapper.deleteByMap
2024-09-18 09:37:24.833 [main] DEBUG com.baomidou.mybatisplus.core.MybatisConfiguration - addMappedStatement: com.rabbiter.pm.mapper.LoginInfoMapper.deleteById
2024-09-18 09:37:24.834 [main] DEBUG com.baomidou.mybatisplus.core.MybatisConfiguration - addMappedStatement: com.rabbiter.pm.mapper.LoginInfoMapper.deleteBatchIds
2024-09-18 09:37:24.836 [main] DEBUG com.baomidou.mybatisplus.core.MybatisConfiguration - addMappedStatement: com.rabbiter.pm.mapper.LoginInfoMapper.update
2024-09-18 09:37:24.837 [main] DEBUG com.baomidou.mybatisplus.core.MybatisConfiguration - addMappedStatement: com.rabbiter.pm.mapper.LoginInfoMapper.updateById
2024-09-18 09:37:24.837 [main] DEBUG com.baomidou.mybatisplus.core.MybatisConfiguration - addMappedStatement: com.rabbiter.pm.mapper.LoginInfoMapper.selectById
2024-09-18 09:37:24.837 [main] DEBUG com.baomidou.mybatisplus.core.MybatisConfiguration - addMappedStatement: com.rabbiter.pm.mapper.LoginInfoMapper.selectBatchIds
2024-09-18 09:37:24.838 [main] DEBUG com.baomidou.mybatisplus.core.MybatisConfiguration - addMappedStatement: com.rabbiter.pm.mapper.LoginInfoMapper.selectByMap
2024-09-18 09:37:24.839 [main] DEBUG com.baomidou.mybatisplus.core.MybatisConfiguration - addMappedStatement: com.rabbiter.pm.mapper.LoginInfoMapper.selectOne
2024-09-18 09:37:24.840 [main] DEBUG com.baomidou.mybatisplus.core.MybatisConfiguration - addMappedStatement: com.rabbiter.pm.mapper.LoginInfoMapper.selectCount
2024-09-18 09:37:24.840 [main] DEBUG com.baomidou.mybatisplus.core.MybatisConfiguration - addMappedStatement: com.rabbiter.pm.mapper.LoginInfoMapper.selectMaps
2024-09-18 09:37:24.841 [main] DEBUG com.baomidou.mybatisplus.core.MybatisConfiguration - addMappedStatement: com.rabbiter.pm.mapper.LoginInfoMapper.selectMapsPage
2024-09-18 09:37:24.842 [main] DEBUG com.baomidou.mybatisplus.core.MybatisConfiguration - addMappedStatement: com.rabbiter.pm.mapper.LoginInfoMapper.selectObjs
2024-09-18 09:37:24.842 [main] DEBUG com.baomidou.mybatisplus.core.MybatisConfiguration - addMappedStatement: com.rabbiter.pm.mapper.LoginInfoMapper.selectList
2024-09-18 09:37:24.843 [main] DEBUG com.baomidou.mybatisplus.core.MybatisConfiguration - addMappedStatement: com.rabbiter.pm.mapper.LoginInfoMapper.selectPage
2024-09-18 09:37:24.843 [main] DEBUG c.b.m.e.spring.MybatisSqlSessionFactoryBean - Parsed mapper file: 'file [D:\mycode\ideacode\ParkingManagerApi - idea\target\classes\mapper\LoginInfoMapper.xml]'
2024-09-18 09:37:24.847 [main] DEBUG com.baomidou.mybatisplus.core.MybatisConfiguration - addMappedStatement: com.rabbiter.pm.mapper.RechargeMapper.insert
2024-09-18 09:37:24.848 [main] DEBUG com.baomidou.mybatisplus.core.MybatisConfiguration - addMappedStatement: com.rabbiter.pm.mapper.RechargeMapper.delete
2024-09-18 09:37:24.848 [main] DEBUG com.baomidou.mybatisplus.core.MybatisConfiguration - addMappedStatement: com.rabbiter.pm.mapper.RechargeMapper.deleteByMap
2024-09-18 09:37:24.849 [main] DEBUG com.baomidou.mybatisplus.core.MybatisConfiguration - addMappedStatement: com.rabbiter.pm.mapper.RechargeMapper.deleteById
2024-09-18 09:37:24.849 [main] DEBUG com.baomidou.mybatisplus.core.MybatisConfiguration - addMappedStatement: com.rabbiter.pm.mapper.RechargeMapper.deleteBatchIds
2024-09-18 09:37:24.850 [main] DEBUG com.baomidou.mybatisplus.core.MybatisConfiguration - addMappedStatement: com.rabbiter.pm.mapper.RechargeMapper.update
2024-09-18 09:37:24.851 [main] DEBUG com.baomidou.mybatisplus.core.MybatisConfiguration - addMappedStatement: com.rabbiter.pm.mapper.RechargeMapper.updateById
2024-09-18 09:37:24.851 [main] DEBUG com.baomidou.mybatisplus.core.MybatisConfiguration - addMappedStatement: com.rabbiter.pm.mapper.RechargeMapper.selectById
2024-09-18 09:37:24.851 [main] DEBUG com.baomidou.mybatisplus.core.MybatisConfiguration - addMappedStatement: com.rabbiter.pm.mapper.RechargeMapper.selectBatchIds
2024-09-18 09:37:24.852 [main] DEBUG com.baomidou.mybatisplus.core.MybatisConfiguration - addMappedStatement: com.rabbiter.pm.mapper.RechargeMapper.selectByMap
2024-09-18 09:37:24.852 [main] DEBUG com.baomidou.mybatisplus.core.MybatisConfiguration - addMappedStatement: com.rabbiter.pm.mapper.RechargeMapper.selectOne
2024-09-18 09:37:24.853 [main] DEBUG com.baomidou.mybatisplus.core.MybatisConfiguration - addMappedStatement: com.rabbiter.pm.mapper.RechargeMapper.selectCount
2024-09-18 09:37:24.854 [main] DEBUG com.baomidou.mybatisplus.core.MybatisConfiguration - addMappedStatement: com.rabbiter.pm.mapper.RechargeMapper.selectMaps
2024-09-18 09:37:24.855 [main] DEBUG com.baomidou.mybatisplus.core.MybatisConfiguration - addMappedStatement: com.rabbiter.pm.mapper.RechargeMapper.selectMapsPage
2024-09-18 09:37:24.855 [main] DEBUG com.baomidou.mybatisplus.core.MybatisConfiguration - addMappedStatement: com.rabbiter.pm.mapper.RechargeMapper.selectObjs
2024-09-18 09:37:24.856 [main] DEBUG com.baomidou.mybatisplus.core.MybatisConfiguration - addMappedStatement: com.rabbiter.pm.mapper.RechargeMapper.selectList
2024-09-18 09:37:24.856 [main] DEBUG com.baomidou.mybatisplus.core.MybatisConfiguration - addMappedStatement: com.rabbiter.pm.mapper.RechargeMapper.selectPage
2024-09-18 09:37:24.857 [main] DEBUG c.b.m.e.spring.MybatisSqlSessionFactoryBean - Parsed mapper file: 'file [D:\mycode\ideacode\ParkingManagerApi - idea\target\classes\mapper\RechargeMapper.xml]'
2024-09-18 09:37:24.862 [main] DEBUG com.baomidou.mybatisplus.core.MybatisConfiguration - addMappedStatement: com.rabbiter.pm.mapper.StallMapper.setStallOrg
2024-09-18 09:37:24.862 [main] DEBUG com.baomidou.mybatisplus.core.MybatisConfiguration - addMappedStatement: com.rabbiter.pm.mapper.StallMapper.getStallAll
2024-09-18 09:37:24.864 [main] DEBUG com.baomidou.mybatisplus.core.MybatisConfiguration - addMappedStatement: com.rabbiter.pm.mapper.StallMapper.insert
2024-09-18 09:37:24.865 [main] DEBUG com.baomidou.mybatisplus.core.MybatisConfiguration - addMappedStatement: com.rabbiter.pm.mapper.StallMapper.delete
2024-09-18 09:37:24.866 [main] DEBUG com.baomidou.mybatisplus.core.MybatisConfiguration - addMappedStatement: com.rabbiter.pm.mapper.StallMapper.deleteByMap
2024-09-18 09:37:24.866 [main] DEBUG com.baomidou.mybatisplus.core.MybatisConfiguration - addMappedStatement: com.rabbiter.pm.mapper.StallMapper.deleteById
2024-09-18 09:37:24.867 [main] DEBUG com.baomidou.mybatisplus.core.MybatisConfiguration - addMappedStatement: com.rabbiter.pm.mapper.StallMapper.deleteBatchIds
2024-09-18 09:37:24.867 [main] DEBUG com.baomidou.mybatisplus.core.MybatisConfiguration - addMappedStatement: com.rabbiter.pm.mapper.StallMapper.update
2024-09-18 09:37:24.868 [main] DEBUG com.baomidou.mybatisplus.core.MybatisConfiguration - addMappedStatement: com.rabbiter.pm.mapper.StallMapper.updateById
2024-09-18 09:37:24.868 [main] DEBUG com.baomidou.mybatisplus.core.MybatisConfiguration - addMappedStatement: com.rabbiter.pm.mapper.StallMapper.selectById
2024-09-18 09:37:24.868 [main] DEBUG com.baomidou.mybatisplus.core.MybatisConfiguration - addMappedStatement: com.rabbiter.pm.mapper.StallMapper.selectBatchIds
2024-09-18 09:37:24.869 [main] DEBUG com.baomidou.mybatisplus.core.MybatisConfiguration - addMappedStatement: com.rabbiter.pm.mapper.StallMapper.selectByMap
2024-09-18 09:37:24.869 [main] DEBUG com.baomidou.mybatisplus.core.MybatisConfiguration - addMappedStatement: com.rabbiter.pm.mapper.StallMapper.selectOne
2024-09-18 09:37:24.870 [main] DEBUG com.baomidou.mybatisplus.core.MybatisConfiguration - addMappedStatement: com.rabbiter.pm.mapper.StallMapper.selectCount
2024-09-18 09:37:24.871 [main] DEBUG com.baomidou.mybatisplus.core.MybatisConfiguration - addMappedStatement: com.rabbiter.pm.mapper.StallMapper.selectMaps
2024-09-18 09:37:24.871 [main] DEBUG com.baomidou.mybatisplus.core.MybatisConfiguration - addMappedStatement: com.rabbiter.pm.mapper.StallMapper.selectMapsPage
2024-09-18 09:37:24.872 [main] DEBUG com.baomidou.mybatisplus.core.MybatisConfiguration - addMappedStatement: com.rabbiter.pm.mapper.StallMapper.selectObjs
2024-09-18 09:37:24.873 [main] DEBUG com.baomidou.mybatisplus.core.MybatisConfiguration - addMappedStatement: com.rabbiter.pm.mapper.StallMapper.selectList
2024-09-18 09:37:24.876 [main] DEBUG com.baomidou.mybatisplus.core.MybatisConfiguration - addMappedStatement: com.rabbiter.pm.mapper.StallMapper.selectPage
2024-09-18 09:37:24.876 [main] DEBUG c.b.m.e.spring.MybatisSqlSessionFactoryBean - Parsed mapper file: 'file [D:\mycode\ideacode\ParkingManagerApi - idea\target\classes\mapper\StallMapper.xml]'
2024-09-18 09:37:24.881 [main] DEBUG com.baomidou.mybatisplus.core.MybatisConfiguration - addMappedStatement: com.rabbiter.pm.mapper.StallResMapper.getAllStallRes
2024-09-18 09:37:24.881 [main] DEBUG com.baomidou.mybatisplus.core.MybatisConfiguration - addMappedStatement: com.rabbiter.pm.mapper.StallResMapper.getAllListStallRes
2024-09-18 09:37:24.883 [main] DEBUG com.baomidou.mybatisplus.core.MybatisConfiguration - addMappedStatement: com.rabbiter.pm.mapper.StallResMapper.insert
2024-09-18 09:37:24.884 [main] DEBUG com.baomidou.mybatisplus.core.MybatisConfiguration - addMappedStatement: com.rabbiter.pm.mapper.StallResMapper.delete
2024-09-18 09:37:24.884 [main] DEBUG com.baomidou.mybatisplus.core.MybatisConfiguration - addMappedStatement: com.rabbiter.pm.mapper.StallResMapper.deleteByMap
2024-09-18 09:37:24.885 [main] DEBUG com.baomidou.mybatisplus.core.MybatisConfiguration - addMappedStatement: com.rabbiter.pm.mapper.StallResMapper.deleteById
2024-09-18 09:37:24.886 [main] DEBUG com.baomidou.mybatisplus.core.MybatisConfiguration - addMappedStatement: com.rabbiter.pm.mapper.StallResMapper.deleteBatchIds
2024-09-18 09:37:24.886 [main] DEBUG com.baomidou.mybatisplus.core.MybatisConfiguration - addMappedStatement: com.rabbiter.pm.mapper.StallResMapper.update
2024-09-18 09:37:24.887 [main] DEBUG com.baomidou.mybatisplus.core.MybatisConfiguration - addMappedStatement: com.rabbiter.pm.mapper.StallResMapper.updateById
2024-09-18 09:37:24.887 [main] DEBUG com.baomidou.mybatisplus.core.MybatisConfiguration - addMappedStatement: com.rabbiter.pm.mapper.StallResMapper.selectById
2024-09-18 09:37:24.888 [main] DEBUG com.baomidou.mybatisplus.core.MybatisConfiguration - addMappedStatement: com.rabbiter.pm.mapper.StallResMapper.selectBatchIds
2024-09-18 09:37:24.890 [main] DEBUG com.baomidou.mybatisplus.core.MybatisConfiguration - addMappedStatement: com.rabbiter.pm.mapper.StallResMapper.selectByMap
2024-09-18 09:37:24.891 [main] DEBUG com.baomidou.mybatisplus.core.MybatisConfiguration - addMappedStatement: com.rabbiter.pm.mapper.StallResMapper.selectOne
2024-09-18 09:37:24.892 [main] DEBUG com.baomidou.mybatisplus.core.MybatisConfiguration - addMappedStatement: com.rabbiter.pm.mapper.StallResMapper.selectCount
2024-09-18 09:37:24.893 [main] DEBUG com.baomidou.mybatisplus.core.MybatisConfiguration - addMappedStatement: com.rabbiter.pm.mapper.StallResMapper.selectMaps
2024-09-18 09:37:24.894 [main] DEBUG com.baomidou.mybatisplus.core.MybatisConfiguration - addMappedStatement: com.rabbiter.pm.mapper.StallResMapper.selectMapsPage
2024-09-18 09:37:24.894 [main] DEBUG com.baomidou.mybatisplus.core.MybatisConfiguration - addMappedStatement: com.rabbiter.pm.mapper.StallResMapper.selectObjs
2024-09-18 09:37:24.895 [main] DEBUG com.baomidou.mybatisplus.core.MybatisConfiguration - addMappedStatement: com.rabbiter.pm.mapper.StallResMapper.selectList
2024-09-18 09:37:24.895 [main] DEBUG com.baomidou.mybatisplus.core.MybatisConfiguration - addMappedStatement: com.rabbiter.pm.mapper.StallResMapper.selectPage
2024-09-18 09:37:24.895 [main] DEBUG c.b.m.e.spring.MybatisSqlSessionFactoryBean - Parsed mapper file: 'file [D:\mycode\ideacode\ParkingManagerApi - idea\target\classes\mapper\StallResMapper.xml]'
2024-09-18 09:37:24.900 [main] DEBUG com.baomidou.mybatisplus.core.MybatisConfiguration - addMappedStatement: com.rabbiter.pm.mapper.StallTypeMapper.insert
2024-09-18 09:37:24.901 [main] DEBUG com.baomidou.mybatisplus.core.MybatisConfiguration - addMappedStatement: com.rabbiter.pm.mapper.StallTypeMapper.delete
2024-09-18 09:37:24.902 [main] DEBUG com.baomidou.mybatisplus.core.MybatisConfiguration - addMappedStatement: com.rabbiter.pm.mapper.StallTypeMapper.deleteByMap
2024-09-18 09:37:24.903 [main] DEBUG com.baomidou.mybatisplus.core.MybatisConfiguration - addMappedStatement: com.rabbiter.pm.mapper.StallTypeMapper.deleteById
2024-09-18 09:37:24.904 [main] DEBUG com.baomidou.mybatisplus.core.MybatisConfiguration - addMappedStatement: com.rabbiter.pm.mapper.StallTypeMapper.deleteBatchIds
2024-09-18 09:37:24.905 [main] DEBUG com.baomidou.mybatisplus.core.MybatisConfiguration - addMappedStatement: com.rabbiter.pm.mapper.StallTypeMapper.update
2024-09-18 09:37:24.906 [main] DEBUG com.baomidou.mybatisplus.core.MybatisConfiguration - addMappedStatement: com.rabbiter.pm.mapper.StallTypeMapper.updateById
2024-09-18 09:37:24.906 [main] DEBUG com.baomidou.mybatisplus.core.MybatisConfiguration - addMappedStatement: com.rabbiter.pm.mapper.StallTypeMapper.selectById
2024-09-18 09:37:24.907 [main] DEBUG com.baomidou.mybatisplus.core.MybatisConfiguration - addMappedStatement: com.rabbiter.pm.mapper.StallTypeMapper.selectBatchIds
2024-09-18 09:37:24.908 [main] DEBUG com.baomidou.mybatisplus.core.MybatisConfiguration - addMappedStatement: com.rabbiter.pm.mapper.StallTypeMapper.selectByMap
2024-09-18 09:37:24.908 [main] DEBUG com.baomidou.mybatisplus.core.MybatisConfiguration - addMappedStatement: com.rabbiter.pm.mapper.StallTypeMapper.selectOne
2024-09-18 09:37:24.909 [main] DEBUG com.baomidou.mybatisplus.core.MybatisConfiguration - addMappedStatement: com.rabbiter.pm.mapper.StallTypeMapper.selectCount
2024-09-18 09:37:24.910 [main] DEBUG com.baomidou.mybatisplus.core.MybatisConfiguration - addMappedStatement: com.rabbiter.pm.mapper.StallTypeMapper.selectMaps
2024-09-18 09:37:24.911 [main] DEBUG com.baomidou.mybatisplus.core.MybatisConfiguration - addMappedStatement: com.rabbiter.pm.mapper.StallTypeMapper.selectMapsPage
2024-09-18 09:37:24.911 [main] DEBUG com.baomidou.mybatisplus.core.MybatisConfiguration - addMappedStatement: com.rabbiter.pm.mapper.StallTypeMapper.selectObjs
2024-09-18 09:37:24.912 [main] DEBUG com.baomidou.mybatisplus.core.MybatisConfiguration - addMappedStatement: com.rabbiter.pm.mapper.StallTypeMapper.selectList
2024-09-18 09:37:24.913 [main] DEBUG com.baomidou.mybatisplus.core.MybatisConfiguration - addMappedStatement: com.rabbiter.pm.mapper.StallTypeMapper.selectPage
2024-09-18 09:37:24.913 [main] DEBUG c.b.m.e.spring.MybatisSqlSessionFactoryBean - Parsed mapper file: 'file [D:\mycode\ideacode\ParkingManagerApi - idea\target\classes\mapper\StallTypeMapper.xml]'
2024-09-18 09:37:24.918 [main] DEBUG com.baomidou.mybatisplus.core.MybatisConfiguration - addMappedStatement: com.rabbiter.pm.mapper.UserMapper.getUserDataType
2024-09-18 09:37:24.918 [main] DEBUG com.baomidou.mybatisplus.core.MybatisConfiguration - addMappedStatement: com.rabbiter.pm.mapper.UserMapper.getUserDataMoney
2024-09-18 09:37:24.921 [main] DEBUG com.baomidou.mybatisplus.core.MybatisConfiguration - addMappedStatement: com.rabbiter.pm.mapper.UserMapper.insert
2024-09-18 09:37:24.922 [main] DEBUG com.baomidou.mybatisplus.core.MybatisConfiguration - addMappedStatement: com.rabbiter.pm.mapper.UserMapper.delete
2024-09-18 09:37:24.922 [main] DEBUG com.baomidou.mybatisplus.core.MybatisConfiguration - addMappedStatement: com.rabbiter.pm.mapper.UserMapper.deleteByMap
2024-09-18 09:37:24.923 [main] DEBUG com.baomidou.mybatisplus.core.MybatisConfiguration - addMappedStatement: com.rabbiter.pm.mapper.UserMapper.deleteById
2024-09-18 09:37:24.924 [main] DEBUG com.baomidou.mybatisplus.core.MybatisConfiguration - addMappedStatement: com.rabbiter.pm.mapper.UserMapper.deleteBatchIds
2024-09-18 09:37:24.925 [main] DEBUG com.baomidou.mybatisplus.core.MybatisConfiguration - addMappedStatement: com.rabbiter.pm.mapper.UserMapper.update
2024-09-18 09:37:24.926 [main] DEBUG com.baomidou.mybatisplus.core.MybatisConfiguration - addMappedStatement: com.rabbiter.pm.mapper.UserMapper.updateById
2024-09-18 09:37:24.926 [main] DEBUG com.baomidou.mybatisplus.core.MybatisConfiguration - addMappedStatement: com.rabbiter.pm.mapper.UserMapper.selectById
2024-09-18 09:37:24.927 [main] DEBUG com.baomidou.mybatisplus.core.MybatisConfiguration - addMappedStatement: com.rabbiter.pm.mapper.UserMapper.selectBatchIds
2024-09-18 09:37:24.928 [main] DEBUG com.baomidou.mybatisplus.core.MybatisConfiguration - addMappedStatement: com.rabbiter.pm.mapper.UserMapper.selectByMap
2024-09-18 09:37:24.929 [main] DEBUG com.baomidou.mybatisplus.core.MybatisConfiguration - addMappedStatement: com.rabbiter.pm.mapper.UserMapper.selectOne
2024-09-18 09:37:24.930 [main] DEBUG com.baomidou.mybatisplus.core.MybatisConfiguration - addMappedStatement: com.rabbiter.pm.mapper.UserMapper.selectCount
2024-09-18 09:37:24.931 [main] DEBUG com.baomidou.mybatisplus.core.MybatisConfiguration - addMappedStatement: com.rabbiter.pm.mapper.UserMapper.selectMaps
2024-09-18 09:37:24.932 [main] DEBUG com.baomidou.mybatisplus.core.MybatisConfiguration - addMappedStatement: com.rabbiter.pm.mapper.UserMapper.selectMapsPage
2024-09-18 09:37:24.933 [main] DEBUG com.baomidou.mybatisplus.core.MybatisConfiguration - addMappedStatement: com.rabbiter.pm.mapper.UserMapper.selectObjs
2024-09-18 09:37:24.934 [main] DEBUG com.baomidou.mybatisplus.core.MybatisConfiguration - addMappedStatement: com.rabbiter.pm.mapper.UserMapper.selectList
2024-09-18 09:37:24.935 [main] DEBUG com.baomidou.mybatisplus.core.MybatisConfiguration - addMappedStatement: com.rabbiter.pm.mapper.UserMapper.selectPage
2024-09-18 09:37:24.935 [main] DEBUG c.b.m.e.spring.MybatisSqlSessionFactoryBean - Parsed mapper file: 'file [D:\mycode\ideacode\ParkingManagerApi - idea\target\classes\mapper\UserMapper.xml]'
